This is pdfTeX, Version 3.14159265-2.6-1.40.21 (TeX Live 2020/Arch Linux) (preloaded format=pdflatex 2021.5.20)  21 MAY 2021 09:39
entering extended mode
 restricted \write18 enabled.
 %&-line parsing enabled.
**\def\picHigh{}\def\idiomaUs{}\def\portfolioSi{}\def\direccionBrc{}\input{cv} 
-recorder cv.tex
 (./cv.tex
(./config/header.tex
(/home/pslavkin/texmf/tex/latex/modern_cv_link/moderncv.cls
Document Class: moderncv 2015/07/28 v2.0.0 modern curriculum vitae and letter d
ocument class
(/usr/share/texmf-dist/tex/latex/base/size11.clo
File: size11.clo 2020/04/10 v1.4m Standard LaTeX file (size option)
)
(/usr/share/texmf-dist/tex/latex/etoolbox/etoolbox.sty
Package: etoolbox 2020/10/05 v2.5k e-TeX tools for LaTeX (JAW)
\etb@tempcnta=\count177
)
(/usr/share/texmf-dist/tex/latex/base/ifthen.sty
Package: ifthen 2014/09/29 v1.1c Standard LaTeX ifthen package (DPC)
)
(/usr/share/texmf-dist/tex/latex/xcolor/xcolor.sty
Package: xcolor 2016/05/11 v2.12 LaTeX color extensions (UK)

(/usr/share/texmf-dist/tex/latex/graphics-cfg/color.cfg
File: color.cfg 2016/01/02 v1.6 sample color configuration
)
Package xcolor Info: Driver file: pdftex.def on input line 225.

(/usr/share/texmf-dist/tex/latex/graphics-def/pdftex.def
File: pdftex.def 2020/10/05 v1.2a Graphics/color driver for pdftex
)
(/usr/share/texmf-dist/tex/latex/colortbl/colortbl.sty
Package: colortbl 2020/01/04 v1.0e Color table columns (DPC)

(/usr/share/texmf-dist/tex/latex/tools/array.sty
Package: array 2020/10/01 v2.5c Tabular extension package (FMi)
\col@sep=\dimen138
\ar@mcellbox=\box47
\extrarowheight=\dimen139
\NC@list=\toks15
\extratabsurround=\skip47
\backup@length=\skip48
\ar@cellbox=\box48
)
\everycr=\toks16
\minrowclearance=\skip49
)
\rownum=\count178
Package xcolor Info: Model `cmy' substituted by `cmy0' on input line 1348.
Package xcolor Info: Model `hsb' substituted by `rgb' on input line 1352.
Package xcolor Info: Model `RGB' extended on input line 1364.
Package xcolor Info: Model `HTML' substituted by `rgb' on input line 1366.
Package xcolor Info: Model `Hsb' substituted by `hsb' on input line 1367.
Package xcolor Info: Model `tHsb' substituted by `hsb' on input line 1368.
Package xcolor Info: Model `HSB' substituted by `hsb' on input line 1369.
Package xcolor Info: Model `Gray' substituted by `gray' on input line 1370.
Package xcolor Info: Model `wave' substituted by `hsb' on input line 1371.
)
(/usr/share/texmf-dist/tex/generic/iftex/ifxetex.sty
Package: ifxetex 2019/10/25 v0.7 ifxetex legacy package. Use iftex instead.

(/usr/share/texmf-dist/tex/generic/iftex/iftex.sty
Package: iftex 2020/03/06 v1.0d TeX engine tests
))
(/usr/share/texmf-dist/tex/generic/iftex/ifluatex.sty
Package: ifluatex 2019/10/25 v1.5 ifluatex legacy package. Use iftex instead.
)
(/usr/share/texmf-dist/tex/latex/base/fontenc.sty
Package: fontenc 2020/08/10 v2.0s Standard LaTeX package
)
(/usr/share/texmf-dist/tex/latex/lm/lmodern.sty
Package: lmodern 2009/10/30 v1.6 Latin Modern Fonts
LaTeX Font Info:    Overwriting symbol font `operators' in version `normal'
(Font)                  OT1/cmr/m/n --> OT1/lmr/m/n on input line 22.
LaTeX Font Info:    Overwriting symbol font `letters' in version `normal'
(Font)                  OML/cmm/m/it --> OML/lmm/m/it on input line 23.
LaTeX Font Info:    Overwriting symbol font `symbols' in version `normal'
(Font)                  OMS/cmsy/m/n --> OMS/lmsy/m/n on input line 24.
LaTeX Font Info:    Overwriting symbol font `largesymbols' in version `normal'
(Font)                  OMX/cmex/m/n --> OMX/lmex/m/n on input line 25.
LaTeX Font Info:    Overwriting symbol font `operators' in version `bold'
(Font)                  OT1/cmr/bx/n --> OT1/lmr/bx/n on input line 26.
LaTeX Font Info:    Overwriting symbol font `letters' in version `bold'
(Font)                  OML/cmm/b/it --> OML/lmm/b/it on input line 27.
LaTeX Font Info:    Overwriting symbol font `symbols' in version `bold'
(Font)                  OMS/cmsy/b/n --> OMS/lmsy/b/n on input line 28.
LaTeX Font Info:    Overwriting symbol font `largesymbols' in version `bold'
(Font)                  OMX/cmex/m/n --> OMX/lmex/m/n on input line 29.
LaTeX Font Info:    Overwriting math alphabet `\mathbf' in version `normal'
(Font)                  OT1/cmr/bx/n --> OT1/lmr/bx/n on input line 31.
LaTeX Font Info:    Overwriting math alphabet `\mathsf' in version `normal'
(Font)                  OT1/cmss/m/n --> OT1/lmss/m/n on input line 32.
LaTeX Font Info:    Overwriting math alphabet `\mathit' in version `normal'
(Font)                  OT1/cmr/m/it --> OT1/lmr/m/it on input line 33.
LaTeX Font Info:    Overwriting math alphabet `\mathtt' in version `normal'
(Font)                  OT1/cmtt/m/n --> OT1/lmtt/m/n on input line 34.
LaTeX Font Info:    Overwriting math alphabet `\mathbf' in version `bold'
(Font)                  OT1/cmr/bx/n --> OT1/lmr/bx/n on input line 35.
LaTeX Font Info:    Overwriting math alphabet `\mathsf' in version `bold'
(Font)                  OT1/cmss/bx/n --> OT1/lmss/bx/n on input line 36.
LaTeX Font Info:    Overwriting math alphabet `\mathit' in version `bold'
(Font)                  OT1/cmr/bx/it --> OT1/lmr/bx/it on input line 37.
LaTeX Font Info:    Overwriting math alphabet `\mathtt' in version `bold'
(Font)                  OT1/cmtt/m/n --> OT1/lmtt/m/n on input line 38.
)
(/usr/share/texmf-dist/tex/latex/url/url.sty
\Urlmuskip=\muskip16
Package: url 2013/09/16  ver 3.4  Verb mode for urls, etc.
)
(/usr/share/texmf-dist/tex/latex/graphics/graphicx.sty
Package: graphicx 2020/09/09 v1.2b Enhanced LaTeX Graphics (DPC,SPQR)

(/usr/share/texmf-dist/tex/latex/graphics/keyval.sty
Package: keyval 2014/10/28 v1.15 key=value parser (DPC)
\KV@toks@=\toks17
)
(/usr/share/texmf-dist/tex/latex/graphics/graphics.sty
Package: graphics 2020/08/30 v1.4c Standard LaTeX Graphics (DPC,SPQR)

(/usr/share/texmf-dist/tex/latex/graphics/trig.sty
Package: trig 2016/01/03 v1.10 sin cos tan (DPC)
)
(/usr/share/texmf-dist/tex/latex/graphics-cfg/graphics.cfg
File: graphics.cfg 2016/06/04 v1.11 sample graphics configuration
)
Package graphics Info: Driver file: pdftex.def on input line 105.
)
\Gin@req@height=\dimen140
\Gin@req@width=\dimen141
)

! LaTeX Error: File `adjustbox.sty' not found.

Type X to quit or <RETURN> to proceed,
or enter new name. (Default extension: sty)

Enter file name: 
(/usr/share/texmf-dist/tex/latex/float/float.sty
Package: float 2001/11/08 v1.3d Float enhancements (AL)
\c@float@type=\count179
\float@exts=\toks18
\float@box=\box49
\@float@everytoks=\toks19
\@floatcapt=\box50
)
(/usr/share/texmf-dist/tex/latex/caption/caption.sty
Package: caption 2020/10/26 v3.5g Customizing captions (AR)

(/usr/share/texmf-dist/tex/latex/caption/caption3.sty
Package: caption3 2020/10/21 v2.2e caption3 kernel (AR)
\captionmargin=\dimen142
\captionmargin@=\dimen143
\captionwidth=\dimen144
\caption@tempdima=\dimen145
\caption@indent=\dimen146
\caption@parindent=\dimen147
\caption@hangindent=\dimen148
\abovecaptionskip=\skip50
\belowcaptionskip=\skip51
Package caption Info: Document class w/o caption stuff detected.
)
\c@caption@flags=\count180
\c@continuedfloat=\count181
Package caption Info: float package is loaded.
)
\@float@every@figure=\toks20
\c@figure=\count182

(/usr/share/texmf-dist/tex/latex/base/inputenc.sty
Package: inputenc 2020/08/01 v1.3d Input encoding file
\inpenc@prehook=\toks21
\inpenc@posthook=\toks22
)
(/usr/share/texmf-dist/tex/generic/babel/babel.sty
Package: babel 2020/10/27 3.51 The Babel package

(/usr/share/texmf-dist/tex/generic/babel/babel.def
File: babel.def 2020/10/27 3.51 Babel common definitions
\babel@savecnt=\count183
\U@D=\dimen149
\l@babelnohyphens=\language86

(/usr/share/texmf-dist/tex/generic/babel/txtbabel.def)
\bbl@readstream=\read2
)
\bbl@dirlevel=\count184

(/usr/share/texmf-dist/tex/generic/babel-spanish/spanish.ldf
Language: spanish.ldf 2016/03/03 v5.0p Spanish support from the babel system
\es@quottoks=\toks23
\es@quotdepth=\count185
Package babel Info: Making " an active character on input line 561.
Package babel Info: Making . an active character on input line 662.
Package babel Info: Making < an active character on input line 707.
Package babel Info: Making > an active character on input line 707.
)
(/usr/share/texmf-dist/tex/generic/babel-english/english.ldf
Language: english 2017/06/06 v3.3r English support from the babel system
Package babel Info: \l@canadian = using hyphenrules for english
(babel)             (\language0) on input line 102.
Package babel Info: \l@australian = using hyphenrules for ukenglish
(babel)             (\language21) on input line 105.
Package babel Info: \l@newzealand = using hyphenrules for ukenglish
(babel)             (\language21) on input line 108.
))
(/usr/share/texmf-dist/tex/latex/fancyhdr/fancyhdr.sty
Package: fancyhdr 2019/01/31 v3.10 Extensive control of page headers and footer
s
\f@nch@headwidth=\skip52
\f@nch@O@elh=\skip53
\f@nch@O@erh=\skip54
\f@nch@O@olh=\skip55
\f@nch@O@orh=\skip56
\f@nch@O@elf=\skip57
\f@nch@O@erf=\skip58
\f@nch@O@olf=\skip59
\f@nch@O@orf=\skip60
)
(/home/pslavkin/texmf/tex/latex/modern_cv_link/tweaklist.sty)
(/usr/share/texmf-dist/tex/latex/tools/calc.sty
Package: calc 2017/05/25 v4.3 Infix arithmetic (KKT,FJ)
\calc@Acount=\count186
\calc@Bcount=\count187
\calc@Adimen=\dimen150
\calc@Bdimen=\dimen151
\calc@Askip=\skip61
\calc@Bskip=\skip62
LaTeX Info: Redefining \setlength on input line 80.
LaTeX Info: Redefining \addtolength on input line 81.
\calc@Ccount=\count188
\calc@Cskip=\skip63
)
(/usr/share/texmf-dist/tex/latex/l3packages/xparse/xparse.sty
(/usr/share/texmf-dist/tex/latex/l3kernel/expl3.sty
Package: expl3 2020-12-03 L3 programming layer (loader) 

(/usr/share/texmf-dist/tex/latex/l3backend/l3backend-pdftex.def
File: l3backend-pdftex.def 2020-09-24 L3 backend support: PDF output (pdfTeX)
\l__kernel_color_stack_int=\count189
\l__pdf_internal_box=\box51
))
Package: xparse 2020-10-27 L3 Experimental document command parser

(/usr/share/texmf-dist/tex/latex/l3packages/xparse/xparse-generic.tex))
(/usr/share/texmf-dist/tex/latex/microtype/microtype.sty
Package: microtype 2019/11/18 v2.7d Micro-typographical refinements (RS)
\MT@toks=\toks24
\MT@count=\count190
LaTeX Info: Redefining \textls on input line 790.
\MT@outer@kern=\dimen152
LaTeX Info: Redefining \textmicrotypecontext on input line 1354.
\MT@listname@count=\count191

(/usr/share/texmf-dist/tex/latex/microtype/microtype-pdftex.def
File: microtype-pdftex.def 2019/11/18 v2.7d Definitions specific to pdftex (RS)

LaTeX Info: Redefining \lsstyle on input line 914.
LaTeX Info: Redefining \lslig on input line 914.
\MT@outer@space=\skip64
)
Package microtype Info: Loading configuration file microtype.cfg.

(/usr/share/texmf-dist/tex/latex/microtype/microtype.cfg
File: microtype.cfg 2019/11/18 v2.7d microtype main configuration file (RS)
))
(/home/pslavkin/texmf/tex/latex/modern_cv_link/moderncvcollection.sty
Package: moderncvcollection 2015/07/28 v2.0.0 moderncv collections
\c@collection@iterator=\count192
)
(/home/pslavkin/texmf/tex/latex/modern_cv_link/moderncvcompatibility.sty
Package: moderncvcompatibility 2015/07/28 v2.0.0 modern curriculum vitae and le
tter compatibility patches
)
\c@collection@phones@count=\count193
\c@collection@socials@count=\count194
\c@cvcolumnscounter=\count195
\c@cvcolumnsautowidthcounter=\count196
\c@tmpiteratorcounter=\count197
\cvcolumnsdummywidth=\skip65
\cvcolumnswidth=\skip66
\cvcolumnsautowidth=\skip67
\cvcolumnautowidth=\skip68
\bibindent=\skip69
)
(/home/pslavkin/texmf/tex/latex/modern_cv_link/moderncvstyleclassic.sty
Package: moderncvstyleclassic 2015/07/28 v2.0.0 modern curriculum vitae and let
ter style scheme: classic

(/home/pslavkin/texmf/tex/latex/modern_cv_link/moderncviconsmarvosym.sty
Package: moderncviconsmarvosym 2015/07/28 v2.0.0 modern curriculum vitae and le
tter icons: marvosym

(/usr/share/texmf-dist/tex/latex/pgf/frontendlayer/tikz.sty
(/usr/share/texmf-dist/tex/latex/pgf/basiclayer/pgf.sty
(/usr/share/texmf-dist/tex/latex/pgf/utilities/pgfrcs.sty
(/usr/share/texmf-dist/tex/generic/pgf/utilities/pgfutil-common.tex
\pgfutil@everybye=\toks25
\pgfutil@tempdima=\dimen153
\pgfutil@tempdimb=\dimen154

(/usr/share/texmf-dist/tex/generic/pgf/utilities/pgfutil-common-lists.tex))
(/usr/share/texmf-dist/tex/generic/pgf/utilities/pgfutil-latex.def
\pgfutil@abb=\box52
)
(/usr/share/texmf-dist/tex/generic/pgf/utilities/pgfrcs.code.tex
(/usr/share/texmf-dist/tex/generic/pgf/pgf.revision.tex)
Package: pgfrcs 2020/12/01 v3.1.7a (3.1.7a)
))
Package: pgf 2020/12/01 v3.1.7a (3.1.7a)

(/usr/share/texmf-dist/tex/latex/pgf/basiclayer/pgfcore.sty
(/usr/share/texmf-dist/tex/latex/pgf/systemlayer/pgfsys.sty
(/usr/share/texmf-dist/tex/generic/pgf/systemlayer/pgfsys.code.tex
Package: pgfsys 2020/12/01 v3.1.7a (3.1.7a)

(/usr/share/texmf-dist/tex/generic/pgf/utilities/pgfkeys.code.tex
\pgfkeys@pathtoks=\toks26
\pgfkeys@temptoks=\toks27

(/usr/share/texmf-dist/tex/generic/pgf/utilities/pgfkeysfiltered.code.tex
\pgfkeys@tmptoks=\toks28
))
\pgf@x=\dimen155
\pgf@y=\dimen156
\pgf@xa=\dimen157
\pgf@ya=\dimen158
\pgf@xb=\dimen159
\pgf@yb=\dimen160
\pgf@xc=\dimen161
\pgf@yc=\dimen162
\pgf@xd=\dimen163
\pgf@yd=\dimen164
\w@pgf@writea=\write3
\r@pgf@reada=\read3
\c@pgf@counta=\count198
\c@pgf@countb=\count199
\c@pgf@countc=\count266
\c@pgf@countd=\count267
\t@pgf@toka=\toks29
\t@pgf@tokb=\toks30
\t@pgf@tokc=\toks31
\pgf@sys@id@count=\count268

(/usr/share/texmf-dist/tex/generic/pgf/systemlayer/pgf.cfg
File: pgf.cfg 2020/12/01 v3.1.7a (3.1.7a)
)
Driver file for pgf: pgfsys-pdftex.def

(/usr/share/texmf-dist/tex/generic/pgf/systemlayer/pgfsys-pdftex.def
File: pgfsys-pdftex.def 2020/12/01 v3.1.7a (3.1.7a)

(/usr/share/texmf-dist/tex/generic/pgf/systemlayer/pgfsys-common-pdf.def
File: pgfsys-common-pdf.def 2020/12/01 v3.1.7a (3.1.7a)
)))
(/usr/share/texmf-dist/tex/generic/pgf/systemlayer/pgfsyssoftpath.code.tex
File: pgfsyssoftpath.code.tex 2020/12/01 v3.1.7a (3.1.7a)
\pgfsyssoftpath@smallbuffer@items=\count269
\pgfsyssoftpath@bigbuffer@items=\count270
)
(/usr/share/texmf-dist/tex/generic/pgf/systemlayer/pgfsysprotocol.code.tex
File: pgfsysprotocol.code.tex 2020/12/01 v3.1.7a (3.1.7a)
))
(/usr/share/texmf-dist/tex/generic/pgf/basiclayer/pgfcore.code.tex
Package: pgfcore 2020/12/01 v3.1.7a (3.1.7a)

(/usr/share/texmf-dist/tex/generic/pgf/math/pgfmath.code.tex
(/usr/share/texmf-dist/tex/generic/pgf/math/pgfmathcalc.code.tex
(/usr/share/texmf-dist/tex/generic/pgf/math/pgfmathutil.code.tex)
(/usr/share/texmf-dist/tex/generic/pgf/math/pgfmathparser.code.tex
\pgfmath@dimen=\dimen165
\pgfmath@count=\count271
\pgfmath@box=\box53
\pgfmath@toks=\toks32
\pgfmath@stack@operand=\toks33
\pgfmath@stack@operation=\toks34
)
(/usr/share/texmf-dist/tex/generic/pgf/math/pgfmathfunctions.code.tex
(/usr/share/texmf-dist/tex/generic/pgf/math/pgfmathfunctions.basic.code.tex)
(/usr/share/texmf-dist/tex/generic/pgf/math/pgfmathfunctions.trigonometric.code
.tex)
(/usr/share/texmf-dist/tex/generic/pgf/math/pgfmathfunctions.random.code.tex)
(/usr/share/texmf-dist/tex/generic/pgf/math/pgfmathfunctions.comparison.code.te
x) (/usr/share/texmf-dist/tex/generic/pgf/math/pgfmathfunctions.base.code.tex)
(/usr/share/texmf-dist/tex/generic/pgf/math/pgfmathfunctions.round.code.tex)
(/usr/share/texmf-dist/tex/generic/pgf/math/pgfmathfunctions.misc.code.tex)
(/usr/share/texmf-dist/tex/generic/pgf/math/pgfmathfunctions.integerarithmetics
.code.tex))) (/usr/share/texmf-dist/tex/generic/pgf/math/pgfmathfloat.code.tex
\c@pgfmathroundto@lastzeros=\count272
)) (/usr/share/texmf-dist/tex/generic/pgf/math/pgfint.code.tex)
(/usr/share/texmf-dist/tex/generic/pgf/basiclayer/pgfcorepoints.code.tex
File: pgfcorepoints.code.tex 2020/12/01 v3.1.7a (3.1.7a)
\pgf@picminx=\dimen166
\pgf@picmaxx=\dimen167
\pgf@picminy=\dimen168
\pgf@picmaxy=\dimen169
\pgf@pathminx=\dimen170
\pgf@pathmaxx=\dimen171
\pgf@pathminy=\dimen172
\pgf@pathmaxy=\dimen173
\pgf@xx=\dimen174
\pgf@xy=\dimen175
\pgf@yx=\dimen176
\pgf@yy=\dimen177
\pgf@zx=\dimen178
\pgf@zy=\dimen179
)
(/usr/share/texmf-dist/tex/generic/pgf/basiclayer/pgfcorepathconstruct.code.tex
File: pgfcorepathconstruct.code.tex 2020/12/01 v3.1.7a (3.1.7a)
\pgf@path@lastx=\dimen180
\pgf@path@lasty=\dimen181
) (/usr/share/texmf-dist/tex/generic/pgf/basiclayer/pgfcorepathusage.code.tex
File: pgfcorepathusage.code.tex 2020/12/01 v3.1.7a (3.1.7a)
\pgf@shorten@end@additional=\dimen182
\pgf@shorten@start@additional=\dimen183
)
(/usr/share/texmf-dist/tex/generic/pgf/basiclayer/pgfcorescopes.code.tex
File: pgfcorescopes.code.tex 2020/12/01 v3.1.7a (3.1.7a)
\pgfpic=\box54
\pgf@hbox=\box55
\pgf@layerbox@main=\box56
\pgf@picture@serial@count=\count273
)
(/usr/share/texmf-dist/tex/generic/pgf/basiclayer/pgfcoregraphicstate.code.tex
File: pgfcoregraphicstate.code.tex 2020/12/01 v3.1.7a (3.1.7a)
\pgflinewidth=\dimen184
)
(/usr/share/texmf-dist/tex/generic/pgf/basiclayer/pgfcoretransformations.code.t
ex
File: pgfcoretransformations.code.tex 2020/12/01 v3.1.7a (3.1.7a)
\pgf@pt@x=\dimen185
\pgf@pt@y=\dimen186
\pgf@pt@temp=\dimen187
) (/usr/share/texmf-dist/tex/generic/pgf/basiclayer/pgfcorequick.code.tex
File: pgfcorequick.code.tex 2020/12/01 v3.1.7a (3.1.7a)
)
(/usr/share/texmf-dist/tex/generic/pgf/basiclayer/pgfcoreobjects.code.tex
File: pgfcoreobjects.code.tex 2020/12/01 v3.1.7a (3.1.7a)
)
(/usr/share/texmf-dist/tex/generic/pgf/basiclayer/pgfcorepathprocessing.code.te
x
File: pgfcorepathprocessing.code.tex 2020/12/01 v3.1.7a (3.1.7a)
) (/usr/share/texmf-dist/tex/generic/pgf/basiclayer/pgfcorearrows.code.tex
File: pgfcorearrows.code.tex 2020/12/01 v3.1.7a (3.1.7a)
\pgfarrowsep=\dimen188
)
(/usr/share/texmf-dist/tex/generic/pgf/basiclayer/pgfcoreshade.code.tex
File: pgfcoreshade.code.tex 2020/12/01 v3.1.7a (3.1.7a)
\pgf@max=\dimen189
\pgf@sys@shading@range@num=\count274
\pgf@shadingcount=\count275
)
(/usr/share/texmf-dist/tex/generic/pgf/basiclayer/pgfcoreimage.code.tex
File: pgfcoreimage.code.tex 2020/12/01 v3.1.7a (3.1.7a)

(/usr/share/texmf-dist/tex/generic/pgf/basiclayer/pgfcoreexternal.code.tex
File: pgfcoreexternal.code.tex 2020/12/01 v3.1.7a (3.1.7a)
\pgfexternal@startupbox=\box57
))
(/usr/share/texmf-dist/tex/generic/pgf/basiclayer/pgfcorelayers.code.tex
File: pgfcorelayers.code.tex 2020/12/01 v3.1.7a (3.1.7a)
)
(/usr/share/texmf-dist/tex/generic/pgf/basiclayer/pgfcoretransparency.code.tex
File: pgfcoretransparency.code.tex 2020/12/01 v3.1.7a (3.1.7a)
) (/usr/share/texmf-dist/tex/generic/pgf/basiclayer/pgfcorepatterns.code.tex
File: pgfcorepatterns.code.tex 2020/12/01 v3.1.7a (3.1.7a)
)
(/usr/share/texmf-dist/tex/generic/pgf/basiclayer/pgfcorerdf.code.tex
File: pgfcorerdf.code.tex 2020/12/01 v3.1.7a (3.1.7a)
)))
(/usr/share/texmf-dist/tex/generic/pgf/modules/pgfmoduleshapes.code.tex
File: pgfmoduleshapes.code.tex 2020/12/01 v3.1.7a (3.1.7a)
\pgfnodeparttextbox=\box58
)
(/usr/share/texmf-dist/tex/generic/pgf/modules/pgfmoduleplot.code.tex
File: pgfmoduleplot.code.tex 2020/12/01 v3.1.7a (3.1.7a)
)
(/usr/share/texmf-dist/tex/latex/pgf/compatibility/pgfcomp-version-0-65.sty
Package: pgfcomp-version-0-65 2020/12/01 v3.1.7a (3.1.7a)
\pgf@nodesepstart=\dimen190
\pgf@nodesepend=\dimen191
)
(/usr/share/texmf-dist/tex/latex/pgf/compatibility/pgfcomp-version-1-18.sty
Package: pgfcomp-version-1-18 2020/12/01 v3.1.7a (3.1.7a)
))
(/usr/share/texmf-dist/tex/latex/pgf/utilities/pgffor.sty
(/usr/share/texmf-dist/tex/latex/pgf/utilities/pgfkeys.sty
(/usr/share/texmf-dist/tex/generic/pgf/utilities/pgfkeys.code.tex))
(/usr/share/texmf-dist/tex/latex/pgf/math/pgfmath.sty
(/usr/share/texmf-dist/tex/generic/pgf/math/pgfmath.code.tex))
(/usr/share/texmf-dist/tex/generic/pgf/utilities/pgffor.code.tex
Package: pgffor 2020/12/01 v3.1.7a (3.1.7a)

(/usr/share/texmf-dist/tex/generic/pgf/math/pgfmath.code.tex)
\pgffor@iter=\dimen192
\pgffor@skip=\dimen193
\pgffor@stack=\toks35
\pgffor@toks=\toks36
))
(/usr/share/texmf-dist/tex/generic/pgf/frontendlayer/tikz/tikz.code.tex
Package: tikz 2020/12/01 v3.1.7a (3.1.7a)

(/usr/share/texmf-dist/tex/generic/pgf/libraries/pgflibraryplothandlers.code.te
x
File: pgflibraryplothandlers.code.tex 2020/12/01 v3.1.7a (3.1.7a)
\pgf@plot@mark@count=\count276
\pgfplotmarksize=\dimen194
)
\tikz@lastx=\dimen195
\tikz@lasty=\dimen196
\tikz@lastxsaved=\dimen197
\tikz@lastysaved=\dimen198
\tikz@lastmovetox=\dimen199
\tikz@lastmovetoy=\dimen256
\tikzleveldistance=\dimen257
\tikzsiblingdistance=\dimen258
\tikz@figbox=\box59
\tikz@figbox@bg=\box60
\tikz@tempbox=\box61
\tikz@tempbox@bg=\box62
\tikztreelevel=\count277
\tikznumberofchildren=\count278
\tikznumberofcurrentchild=\count279
\tikz@fig@count=\count280
 (/usr/share/texmf-dist/tex/generic/pgf/modules/pgfmodulematrix.code.tex
File: pgfmodulematrix.code.tex 2020/12/01 v3.1.7a (3.1.7a)
\pgfmatrixcurrentrow=\count281
\pgfmatrixcurrentcolumn=\count282
\pgf@matrix@numberofcolumns=\count283
)
\tikz@expandcount=\count284

(/usr/share/texmf-dist/tex/generic/pgf/frontendlayer/tikz/libraries/tikzlibrary
topaths.code.tex
File: tikzlibrarytopaths.code.tex 2020/12/01 v3.1.7a (3.1.7a)
))))
(/home/pslavkin/texmf/tex/latex/modern_cv_link/moderncvheadi.sty
Package: moderncvheadi 2015/07/28 v2.0.0 modern curriculum vitae and letter hea
der variant: 1
\quotewidth=\skip70
\makecvheadnamewidth=\skip71
)
(/home/pslavkin/texmf/tex/latex/modern_cv_link/moderncvbodyi.sty
Package: moderncvbodyi 2015/07/28 v2.0.0 modern curriculum vitae and letter bod
y variant: 1
\hintscolumnwidth=\skip72
\separatorcolumnwidth=\skip73
\maincolumnwidth=\skip74
\doubleitemcolumnwidth=\skip75
\listitemsymbolwidth=\skip76
LaTeX Font Info:    Trying to load font information for U+mvs on input line 46.


(/usr/share/texmf-dist/tex/latex/marvosym/umvs.fd)
\listitemcolumnwidth=\skip77
\listdoubleitemcolumnwidth=\skip78
\baseletterheight=\skip79
\cvitemwithcommentbox=\box63
\cvitemwithcommentskilllength=\skip80
\cvitemwithcommentcommentlength=\skip81
))
(/home/pslavkin/texmf/tex/latex/modern_cv_link/moderncvcolorred.sty
Package: moderncvcolorred 2015/07/28 v2.0.0 modern curriculum vitae and letter 
color scheme: red
)
(/usr/share/texmf-dist/tex/latex/geometry/geometry.sty
Package: geometry 2020/01/02 v5.9 Page Geometry

(/usr/share/texmf-dist/tex/generic/iftex/ifvtex.sty
Package: ifvtex 2019/10/25 v1.7 ifvtex legacy package. Use iftex instead.
)
\Gm@cnth=\count285
\Gm@cntv=\count286
\c@Gm@tempcnt=\count287
\Gm@bindingoffset=\dimen259
\Gm@wd@mp=\dimen260
\Gm@odd@mp=\dimen261
\Gm@even@mp=\dimen262
\Gm@layoutwidth=\dimen263
\Gm@layoutheight=\dimen264
\Gm@layouthoffset=\dimen265
\Gm@layoutvoffset=\dimen266
\Gm@dimlist=\toks37
)
(/usr/share/texmf-dist/tex/generic/pgf/frontendlayer/tikz/libraries/tikzlibrary
mindmap.code.tex
File: tikzlibrarymindmap.code.tex 2020/12/01 v3.1.7a (3.1.7a)

(/usr/share/texmf-dist/tex/generic/pgf/frontendlayer/tikz/libraries/tikzlibrary
trees.code.tex
File: tikzlibrarytrees.code.tex 2020/12/01 v3.1.7a (3.1.7a)
)
(/usr/share/texmf-dist/tex/generic/pgf/frontendlayer/tikz/libraries/tikzlibrary
decorations.code.tex
(/usr/share/texmf-dist/tex/generic/pgf/modules/pgfmoduledecorations.code.tex
\pgfdecoratedcompleteddistance=\dimen267
\pgfdecoratedremainingdistance=\dimen268
\pgfdecoratedinputsegmentcompleteddistance=\dimen269
\pgfdecoratedinputsegmentremainingdistance=\dimen270
\pgf@decorate@distancetomove=\dimen271
\pgf@decorate@repeatstate=\count288
\pgfdecorationsegmentamplitude=\dimen272
\pgfdecorationsegmentlength=\dimen273
)
\tikz@lib@dec@box=\box64
))
(/usr/share/texmf-dist/tex/generic/pgf/frontendlayer/tikz/libraries/tikzlibrary
shadows.code.tex
File: tikzlibraryshadows.code.tex 2020/12/01 v3.1.7a (3.1.7a)

(/usr/share/texmf-dist/tex/generic/pgf/frontendlayer/tikz/libraries/tikzlibrary
fadings.code.tex
File: tikzlibraryfadings.code.tex 2020/12/01 v3.1.7a (3.1.7a)

(/usr/share/texmf-dist/tex/generic/pgf/libraries/pgflibraryfadings.code.tex
File: pgflibraryfadings.code.tex 2020/12/01 v3.1.7a (3.1.7a)
)))
(/usr/share/texmf-dist/tex/latex/tools/verbatim.sty
Package: verbatim 2020-07-07 v1.5u LaTeX2e package for verbatim enhancements
\every@verbatim=\toks38
\verbatim@line=\toks39
\verbatim@in@stream=\read4
)
(/usr/share/texmf-dist/tex/latex/caption/subcaption.sty
Package: subcaption 2020/10/07 v1.3j Sub-captions (AR)
\c@subfigure=\count289
)

! LaTeX Error: File `fontawesome.sty' not found.

Type X to quit or <RETURN> to proceed,
or enter new name. (Default extension: sty)

Enter file name: 
) (./config/links.tex) (./config/dictionary.tex) (./sections/all/tittle.tex)
(/usr/share/texmf-dist/tex/latex/hyperref/hyperref.sty
Package: hyperref 2020-05-15 v7.00e Hypertext links for LaTeX

(/usr/share/texmf-dist/tex/generic/ltxcmds/ltxcmds.sty
Package: ltxcmds 2020-05-10 v1.25 LaTeX kernel commands for general use (HO)
)
(/usr/share/texmf-dist/tex/generic/pdftexcmds/pdftexcmds.sty
Package: pdftexcmds 2020-06-27 v0.33 Utility functions of pdfTeX for LuaTeX (HO
)

(/usr/share/texmf-dist/tex/generic/infwarerr/infwarerr.sty
Package: infwarerr 2019/12/03 v1.5 Providing info/warning/error messages (HO)
)
Package pdftexcmds Info: \pdf@primitive is available.
Package pdftexcmds Info: \pdf@ifprimitive is available.
Package pdftexcmds Info: \pdfdraftmode found.
)
(/usr/share/texmf-dist/tex/generic/kvsetkeys/kvsetkeys.sty
Package: kvsetkeys 2019/12/15 v1.18 Key value parser (HO)
)
(/usr/share/texmf-dist/tex/generic/kvdefinekeys/kvdefinekeys.sty
Package: kvdefinekeys 2019-12-19 v1.6 Define keys (HO)
)
(/usr/share/texmf-dist/tex/generic/pdfescape/pdfescape.sty
Package: pdfescape 2019/12/09 v1.15 Implements pdfTeX's escape features (HO)
)
(/usr/share/texmf-dist/tex/latex/hycolor/hycolor.sty
Package: hycolor 2020-01-27 v1.10 Color options for hyperref/bookmark (HO)
)
(/usr/share/texmf-dist/tex/latex/letltxmacro/letltxmacro.sty
Package: letltxmacro 2019/12/03 v1.6 Let assignment for LaTeX macros (HO)
)
(/usr/share/texmf-dist/tex/latex/auxhook/auxhook.sty
Package: auxhook 2019-12-17 v1.6 Hooks for auxiliary files (HO)
)
(/usr/share/texmf-dist/tex/latex/kvoptions/kvoptions.sty
Package: kvoptions 2020-10-07 v3.14 Key value format for package options (HO)
)
\@linkdim=\dimen274
\Hy@linkcounter=\count290
\Hy@pagecounter=\count291

(/usr/share/texmf-dist/tex/latex/hyperref/pd1enc.def
File: pd1enc.def 2020-05-15 v7.00e Hyperref: PDFDocEncoding definition (HO)
Now handling font encoding PD1 ...
... no UTF-8 mapping file for font encoding PD1
)
(/usr/share/texmf-dist/tex/generic/intcalc/intcalc.sty
Package: intcalc 2019/12/15 v1.3 Expandable calculations with integers (HO)
)
(/usr/share/texmf-dist/tex/generic/etexcmds/etexcmds.sty
Package: etexcmds 2019/12/15 v1.7 Avoid name clashes with e-TeX commands (HO)
)
\Hy@SavedSpaceFactor=\count292
Package hyperref Info: Option `unicode' set `true' on input line 4338.

(/usr/share/texmf-dist/tex/latex/hyperref/puenc.def
File: puenc.def 2020-05-15 v7.00e Hyperref: PDF Unicode definition (HO)
Now handling font encoding PU ...
... no UTF-8 mapping file for font encoding PU
)
Package hyperref Info: Hyper figures OFF on input line 4464.
Package hyperref Info: Link nesting OFF on input line 4469.
Package hyperref Info: Hyper index ON on input line 4472.
Package hyperref Info: Plain pages OFF on input line 4479.
Package hyperref Info: Backreferencing OFF on input line 4484.
Package hyperref Info: Implicit mode ON; LaTeX internals redefined.
Package hyperref Info: Bookmarks ON on input line 4717.
\c@Hy@tempcnt=\count293
LaTeX Info: Redefining \url on input line 5076.
\XeTeXLinkMargin=\dimen275

(/usr/share/texmf-dist/tex/generic/bitset/bitset.sty
Package: bitset 2019/12/09 v1.3 Handle bit-vector datatype (HO)

(/usr/share/texmf-dist/tex/generic/bigintcalc/bigintcalc.sty
Package: bigintcalc 2019/12/15 v1.5 Expandable calculations on big integers (HO
)
))
\Fld@menulength=\count294
\Field@Width=\dimen276
\Fld@charsize=\dimen277
Package hyperref Info: Hyper figures OFF on input line 6347.
Package hyperref Info: Link nesting OFF on input line 6352.
Package hyperref Info: Hyper index ON on input line 6355.
Package hyperref Info: backreferencing OFF on input line 6362.
Package hyperref Info: Link coloring OFF on input line 6367.
Package hyperref Info: Link coloring with OCG OFF on input line 6372.
Package hyperref Info: PDF/A mode OFF on input line 6377.
LaTeX Info: Redefining \ref on input line 6417.
LaTeX Info: Redefining \pageref on input line 6421.

(/usr/share/texmf-dist/tex/latex/base/atbegshi-ltx.sty
Package: atbegshi-ltx 2020/08/17 v1.0a Emulation of the original atbegshi packa
ge
with kernel methods
)
\Hy@abspage=\count295
\c@Item=\count296
\c@Hfootnote=\count297
)
Package hyperref Info: Driver (autodetected): hpdftex.

(/usr/share/texmf-dist/tex/latex/hyperref/hpdftex.def
File: hpdftex.def 2020-05-15 v7.00e Hyperref driver for pdfTeX

(/usr/share/texmf-dist/tex/latex/base/atveryend-ltx.sty
Package: atveryend-ltx 2020/08/19 v1.0a Emulation of the original atvery packag
e
with kernel methods
)
\Fld@listcount=\count298
\c@bookmark@seq@number=\count299

(/usr/share/texmf-dist/tex/latex/rerunfilecheck/rerunfilecheck.sty
Package: rerunfilecheck 2019/12/05 v1.9 Rerun checks for auxiliary files (HO)

(/usr/share/texmf-dist/tex/generic/uniquecounter/uniquecounter.sty
Package: uniquecounter 2019/12/15 v1.4 Provide unlimited unique counter (HO)
)
Package uniquecounter Info: New unique counter `rerunfilecheck' on input line 2
86.
)
\Hy@SectionHShift=\skip82
)
Package hyperref Info: Option `colorlinks' set `true' on input line 11.
Package hyperref Info: Option `breaklinks' set `true' on input line 11.
Package hyperref Info: Option `bookmarksopen' set `true' on input line 11.
LaTeX Font Info:    Trying to load font information for T1+lmr on input line 11
.

(/usr/share/texmf-dist/tex/latex/lm/t1lmr.fd
File: t1lmr.fd 2009/10/30 v1.6 Font defs for Latin Modern
) (./cv.aux)
LaTeX Font Info:    Checking defaults for OML/cmm/m/it on input line 11.
LaTeX Font Info:    ... okay on input line 11.
LaTeX Font Info:    Checking defaults for OMS/cmsy/m/n on input line 11.
LaTeX Font Info:    ... okay on input line 11.
LaTeX Font Info:    Checking defaults for OT1/cmr/m/n on input line 11.
LaTeX Font Info:    ... okay on input line 11.
LaTeX Font Info:    Checking defaults for T1/cmr/m/n on input line 11.
LaTeX Font Info:    ... okay on input line 11.
LaTeX Font Info:    Checking defaults for TS1/cmr/m/n on input line 11.
LaTeX Font Info:    ... okay on input line 11.
LaTeX Font Info:    Checking defaults for OMX/cmex/m/n on input line 11.
LaTeX Font Info:    ... okay on input line 11.
LaTeX Font Info:    Checking defaults for U/cmr/m/n on input line 11.
LaTeX Font Info:    ... okay on input line 11.
LaTeX Font Info:    Checking defaults for PD1/pdf/m/n on input line 11.
LaTeX Font Info:    ... okay on input line 11.
LaTeX Font Info:    Checking defaults for PU/pdf/m/n on input line 11.
LaTeX Font Info:    ... okay on input line 11.
LaTeX Font Info:    Trying to load font information for T1+lmss on input line 1
1.

(/usr/share/texmf-dist/tex/latex/lm/t1lmss.fd
File: t1lmss.fd 2009/10/30 v1.6 Font defs for Latin Modern
)
(/usr/share/texmf-dist/tex/context/base/mkii/supp-pdf.mkii
[Loading MPS to PDF converter (version 2006.09.02).]
\scratchcounter=\count300
\scratchdimen=\dimen278
\scratchbox=\box65
\nofMPsegments=\count301
\nofMParguments=\count302
\everyMPshowfont=\toks40
\MPscratchCnt=\count303
\MPscratchDim=\dimen279
\MPnumerator=\count304
\makeMPintoPDFobject=\count305
\everyMPtoPDFconversion=\toks41
) (/usr/share/texmf-dist/tex/latex/epstopdf-pkg/epstopdf-base.sty
Package: epstopdf-base 2020-01-24 v2.11 Base part for package epstopdf
Package epstopdf-base Info: Redefining graphics rule for `.eps' on input line 4
85.

(/usr/share/texmf-dist/tex/latex/latexconfig/epstopdf-sys.cfg
File: epstopdf-sys.cfg 2010/07/13 v1.3 Configuration of (r)epstopdf for TeX Liv
e
))
Package caption Info: Begin \AtBeginDocument code.
Package caption Info: hyperref package is loaded.
Package caption Info: End \AtBeginDocument code.
LaTeX Info: Redefining \microtypecontext on input line 11.
Package microtype Info: Generating PDF output.
Package microtype Info: Character protrusion enabled (level 2).
Package microtype Info: Using default protrusion set `alltext'.
Package microtype Info: Automatic font expansion enabled (level 2),
(microtype)             stretch: 20, shrink: 20, step: 1, non-selected.
Package microtype Info: Using default expansion set `basictext'.
LaTeX Info: Redefining \showhyphens on input line 11.
Package microtype Info: No adjustment of tracking.
Package microtype Info: No adjustment of interword spacing.
Package microtype Info: No adjustment of character kerning.
Package microtype Info: Loading generic protrusion settings for font family
(microtype)             `lmss' (encoding: T1).
(microtype)             For optimal results, create family-specific settings.
(microtype)             See the microtype manual for details.

*geometry* driver: auto-detecting
*geometry* detected driver: pdftex
*geometry* verbose mode - [ preamble ] result:
* driver: pdftex
* paper: a4paper
* layout: <same size as paper>
* layoutoffset:(h,v)=(0.0pt,0.0pt)
* modes: 
* h-part:(L,W,R)=(29.87721pt, 537.75343pt, 29.87723pt)
* v-part:(T,H,B)=(33.80392pt, 760.53699pt, 50.70593pt)
* \paperwidth=597.50787pt
* \paperheight=845.04684pt
* \textwidth=537.75343pt
* \textheight=760.53699pt
* \oddsidemargin=-42.39278pt
* \evensidemargin=-42.39278pt
* \topmargin=-75.46606pt
* \headheight=12.0pt
* \headsep=25.0pt
* \topskip=11.0pt
* \footskip=30.0pt
* \marginparwidth=50.0pt
* \marginparsep=10.0pt
* \columnsep=10.0pt
* \skip\footins=10.0pt plus 4.0pt minus 2.0pt
* \hoffset=0.0pt
* \voffset=0.0pt
* \mag=1000
* \@twocolumnfalse
* \@twosidefalse
* \@mparswitchfalse
* \@reversemarginfalse
* (1in=72.27pt=25.4mm, 1cm=28.453pt)

Package hyperref Info: Link coloring ON on input line 11.
(/usr/share/texmf-dist/tex/latex/hyperref/nameref.sty
Package: nameref 2019/09/16 v2.46 Cross-referencing by name of section

(/usr/share/texmf-dist/tex/latex/refcount/refcount.sty
Package: refcount 2019/12/15 v3.6 Data extraction from label references (HO)
)
(/usr/share/texmf-dist/tex/generic/gettitlestring/gettitlestring.sty
Package: gettitlestring 2019/12/15 v1.6 Cleanup title references (HO)
)
\c@section@level=\count306
)
LaTeX Info: Redefining \ref on input line 11.
LaTeX Info: Redefining \pageref on input line 11.
LaTeX Info: Redefining \nameref on input line 11.
\@outlinefile=\write4
\makecvheaddetailsbox=\box66
LaTeX Font Info:    Trying to load font information for OT1+lmr on input line 1
2.

(/usr/share/texmf-dist/tex/latex/lm/ot1lmr.fd
File: ot1lmr.fd 2009/10/30 v1.6 Font defs for Latin Modern
)
(/usr/share/texmf-dist/tex/latex/microtype/mt-cmr.cfg
File: mt-cmr.cfg 2013/05/19 v2.2 microtype config. file: Computer Modern Roman 
(RS)
)
LaTeX Font Info:    Trying to load font information for OML+lmm on input line 1
2.

(/usr/share/texmf-dist/tex/latex/lm/omllmm.fd
File: omllmm.fd 2009/10/30 v1.6 Font defs for Latin Modern
)
LaTeX Font Info:    Trying to load font information for OMS+lmsy on input line 
12.

(/usr/share/texmf-dist/tex/latex/lm/omslmsy.fd
File: omslmsy.fd 2009/10/30 v1.6 Font defs for Latin Modern
)
LaTeX Font Info:    Trying to load font information for OMX+lmex on input line 
12.

(/usr/share/texmf-dist/tex/latex/lm/omxlmex.fd
File: omxlmex.fd 2009/10/30 v1.6 Font defs for Latin Modern
)
LaTeX Font Info:    External font `lmex10' loaded for size
(Font)              <10> on input line 12.
LaTeX Font Info:    External font `lmex10' loaded for size
(Font)              <7> on input line 12.
LaTeX Font Info:    External font `lmex10' loaded for size
(Font)              <5> on input line 12.

(/usr/share/texmf-dist/tex/latex/microtype/mt-mvs.cfg
File: mt-mvs.cfg 2006/07/05 v1.1 microtype config. file: Marvosym Euro (RS)
)
\makecvheadpicturebox=\box67
<pic/high//cara2020_novo.png, id=35, 745.78625pt x 568.1225pt>
File: pic/high//cara2020_novo.png Graphic file (type png)
<use pic/high//cara2020_novo.png>
Package pdftex.def Info: pic/high//cara2020_novo.png  used on input line 12.
(pdftex.def)             Requested size: 130.0pt x 99.02415pt.
\makecvheaddetailswidth=\skip83
\makecvheadpicturewidth=\skip84
\makecvheadnamebox=\box68
LaTeX Font Info:    External font `lmex10' loaded for size
(Font)              <10.95> on input line 12.
LaTeX Font Info:    External font `lmex10' loaded for size
(Font)              <8> on input line 12.
LaTeX Font Info:    External font `lmex10' loaded for size
(Font)              <6> on input line 12.

(./sections/us/presentacion.tex

LaTeX Warning: Reference `fig:ofi_dci' on page 1 undefined on input line 20.


Underfull \hbox (badness 10000) in paragraph at lines 29--33

 []

<pic/high//ofi_dci1.png, id=38, 932.48375pt x 551.05875pt>
File: pic/high//ofi_dci1.png Graphic file (type png)
<use pic/high//ofi_dci1.png>
Package pdftex.def Info: pic/high//ofi_dci1.png  used on input line 36.
(pdftex.def)             Requested size: 161.32767pt x 95.3352pt.
<pic/high//ofi_dci2.png, id=39, 984.67876pt x 692.5875pt>
File: pic/high//ofi_dci2.png Graphic file (type png)
<use pic/high//ofi_dci2.png>
Package pdftex.def Info: pic/high//ofi_dci2.png  used on input line 37.
(pdftex.def)             Requested size: 161.32767pt x 113.46883pt.
<pic/high//ofi_dci5.png, id=40, 1065.9825pt x 721.69624pt>
File: pic/high//ofi_dci5.png Graphic file (type png)
<use pic/high//ofi_dci5.png>
Package pdftex.def Info: pic/high//ofi_dci5.png  used on input line 38.
(pdftex.def)             Requested size: 161.32767pt x 109.21883pt.
) (./sections/us/educacion.tex
LaTeX Font Info:    Font shape `T1/lmss/m/it' in size <10.95> not available
(Font)              Font shape `T1/lmss/m/sl' tried instead on input line 3.
 [1

{/var/lib/texmf/fonts/map/pdftex/updmap/pdftex.map} <./pic/high//cara2020_novo.
png>]
LaTeX Font Info:    Trying to load font information for TS1+lmss on input line 
7.

(/usr/share/texmf-dist/tex/latex/lm/ts1lmss.fd
File: ts1lmss.fd 2009/10/30 v1.6 Font defs for Latin Modern
)
Package microtype Info: Loading generic protrusion settings for font family
(microtype)             `lmss' (encoding: TS1).
(microtype)             For optimal results, create family-specific settings.
(microtype)             See the microtype manual for details.
) (./sections/us/experiencia.tex [2 <./pic/high//ofi_dci1.png> <./pic/high//ofi
_dci2.png> <./pic/high//ofi_dci5.png>]) (./sections/us/cursos.tex [3]) (./secti
ons/us/premios.tex
LaTeX Font Info:    Font shape `T1/lmss/m/it' in size <10> not available
(Font)              Font shape `T1/lmss/m/sl' tried instead on input line 3.
LaTeX Font Info:    Font shape `T1/lmss/bx/it' in size <10.95> not available
(Font)              Font shape `T1/lmss/bx/sl' tried instead on input line 5.
)
(./sections/us/publicaciones.tex) (./sections/us/tecnologias.tex
(./sections/all/tecnologias.tex) [4]

LaTeX Font Warning: Font shape `T1/lmss/m/sc' in size <10.95> not available
(Font)              Font shape `T1/lmr/m/sc' tried instead on input line 5.

Package microtype Info: Character `029' is missing
(microtype)             in font `T1/lmr/m/sc/10.95'.
(microtype)             Ignoring protrusion settings for this character.
(./sections/all/microcontrollers.tex [5]
Overfull \hbox (2.82408pt too wide) in paragraph at lines 199--199
 [][][]\T1/lmss/bx/n/10.95 F28379D[] 
 []


Overfull \hbox (6.50438pt too wide) in paragraph at lines 255--255
 [][][]\T1/lmss/bx/n/10.95 M2GL025 
 []


Overfull \hbox (1.9873pt too wide) in paragraph at lines 277--277
 [][][]\T1/lmss/bx/n/10.95 Spartan3[] 
 []


Overfull \hbox (1.9873pt too wide) in paragraph at lines 277--277
 [][][]\T1/lmss/bx/n/10.95 Spartan6[] 
 []

)) (./sections/us/idiomas.tex) (./sections/us/recreacion.tex [6]) [7]
(./sections/all/portfolio.tex (./portfolio/us/engineered_arts.tex

LaTeX Warning: Reference `fig:engineered_arts1' on page 8 undefined on input li
ne 3.

<pic/high//engineered_arts1.png, id=212, 606.265pt x 471.7625pt>
File: pic/high//engineered_arts1.png Graphic file (type png)
<use pic/high//engineered_arts1.png>
Package pdftex.def Info: pic/high//engineered_arts1.png  used on input line 6.
(pdftex.def)             Requested size: 161.32767pt x 125.53474pt.
<pic/high//engineered_arts2.png, id=213, 730.73pt x 573.14125pt>
File: pic/high//engineered_arts2.png Graphic file (type png)
<use pic/high//engineered_arts2.png>
Package pdftex.def Info: pic/high//engineered_arts2.png  used on input line 7.
(pdftex.def)             Requested size: 161.32767pt x 126.53748pt.
<pic/high//engineered_arts3.png, id=214, 790.955pt x 634.37pt>
File: pic/high//engineered_arts3.png Graphic file (type png)
<use pic/high//engineered_arts3.png>
Package pdftex.def Info: pic/high//engineered_arts3.png  used on input line 8.
(pdftex.def)             Requested size: 161.32767pt x 129.38846pt.
) (./portfolio/us/nanocut.tex

LaTeX Warning: Reference `fig:nanocut_electronica' on page 8 undefined on input
 line 7.

<pic/high//nanocut1.jpg, id=218, 917.4275pt x 687.56876pt>
File: pic/high//nanocut1.jpg Graphic file (type jpg)
<use pic/high//nanocut1.jpg>
Package pdftex.def Info: pic/high//nanocut1.jpg  used on input line 10.
(pdftex.def)             Requested size: 161.32767pt x 120.90337pt.
<pic/high//nanocut2.jpg, id=219, 968.61874pt x 739.76375pt>
File: pic/high//nanocut2.jpg Graphic file (type jpg)
<use pic/high//nanocut2.jpg>
Package pdftex.def Info: pic/high//nanocut2.jpg  used on input line 11.
(pdftex.def)             Requested size: 161.32767pt x 123.2071pt.
<pic/high//nanocut3.jpg, id=220, 1015.795pt x 722.7pt>
File: pic/high//nanocut3.jpg Graphic file (type jpg)
<use pic/high//nanocut3.jpg>
Package pdftex.def Info: pic/high//nanocut3.jpg  used on input line 12.
(pdftex.def)             Requested size: 161.32767pt x 114.77422pt.

LaTeX Warning: Reference `fig:nanocut_mecanica' on page 8 undefined on input li
ne 17.

<pic/high//nanocut4.jpg, id=221, 948.54375pt x 717.68124pt>
File: pic/high//nanocut4.jpg Graphic file (type jpg)
<use pic/high//nanocut4.jpg>
Package pdftex.def Info: pic/high//nanocut4.jpg  used on input line 20.
(pdftex.def)             Requested size: 161.32767pt x 122.05894pt.
<pic/high//nanocut5.jpg, id=222, 945.5325pt x 708.6475pt>
File: pic/high//nanocut5.jpg Graphic file (type jpg)
<use pic/high//nanocut5.jpg>
Package pdftex.def Info: pic/high//nanocut5.jpg  used on input line 21.
(pdftex.def)             Requested size: 161.32767pt x 120.91182pt.
<pic/high//nanocut6.jpg, id=223, 951.555pt x 511.9125pt>
File: pic/high//nanocut6.jpg Graphic file (type jpg)
<use pic/high//nanocut6.jpg>
Package pdftex.def Info: pic/high//nanocut6.jpg  used on input line 22.
(pdftex.def)             Requested size: 161.32767pt x 86.78963pt.
[8 <./pic/high//engineered_arts1.png> <./pic/high//engineered_arts2.png> <./pic
/high//engineered_arts3.png> <./pic/high//nanocut1.jpg> <./pic/high//nanocut2.j
pg> <./pic/high//nanocut3.jpg> <./pic/high//nanocut4.jpg> <./pic/high//nanocut5
.jpg> <./pic/high//nanocut6.jpg>]

LaTeX Warning: Reference `fig:nanocut_3_0_1' on page 9 undefined on input line 
60.

<pic/high//nanocut_3_0_1.jpg, id=239, 690.58pt x 611.28375pt>
File: pic/high//nanocut_3_0_1.jpg Graphic file (type jpg)
<use pic/high//nanocut_3_0_1.jpg>
Package pdftex.def Info: pic/high//nanocut_3_0_1.jpg  used on input line 64.
(pdftex.def)             Requested size: 161.32767pt x 142.8029pt.
<pic/high//nanocut_3_0_2.jpg, id=240, 965.6075pt x 853.1875pt>
File: pic/high//nanocut_3_0_2.jpg Graphic file (type jpg)
<use pic/high//nanocut_3_0_2.jpg>
Package pdftex.def Info: pic/high//nanocut_3_0_2.jpg  used on input line 65.
(pdftex.def)             Requested size: 161.32767pt x 142.54039pt.
<pic/high//nanocut_3_0_3.jpg, id=241, 1556.81625pt x 1379.1525pt>
File: pic/high//nanocut_3_0_3.jpg Graphic file (type jpg)
<use pic/high//nanocut_3_0_3.jpg>
Package pdftex.def Info: pic/high//nanocut_3_0_3.jpg  used on input line 66.
(pdftex.def)             Requested size: 161.32767pt x 142.91078pt.

LaTeX Warning: Reference `fig:nanocut_3_0_2' on page 9 undefined on input line 
71.

<pic/high//nanocut_3_0_4.jpg, id=242, 840.13875pt x 786.94pt>
File: pic/high//nanocut_3_0_4.jpg Graphic file (type jpg)
<use pic/high//nanocut_3_0_4.jpg>
Package pdftex.def Info: pic/high//nanocut_3_0_4.jpg  used on input line 74.
(pdftex.def)             Requested size: 161.32767pt x 151.10516pt.
<pic/high//nanocut_3_0_5.jpg, id=243, 1408.26125pt x 1317.92375pt>
File: pic/high//nanocut_3_0_5.jpg Graphic file (type jpg)
<use pic/high//nanocut_3_0_5.jpg>
Package pdftex.def Info: pic/high//nanocut_3_0_5.jpg  used on input line 75.
(pdftex.def)             Requested size: 161.32767pt x 150.9648pt.
<pic/high//nanocut_3_0_6.jpg, id=244, 1693.32625pt x 1584.92125pt>
File: pic/high//nanocut_3_0_6.jpg Graphic file (type jpg)
<use pic/high//nanocut_3_0_6.jpg>
Package pdftex.def Info: pic/high//nanocut_3_0_6.jpg  used on input line 76.
(pdftex.def)             Requested size: 161.32767pt x 150.98021pt.

LaTeX Warning: Reference `fig:nanocut_3_0_3' on page 9 undefined on input line 
82.

<pic/high//nanocut_3_0_mounted_board_4.jpg, id=245, 899.36pt x 616.3025pt>
File: pic/high//nanocut_3_0_mounted_board_4.jpg Graphic file (type jpg)
<use pic/high//nanocut_3_0_mounted_board_4.jpg>
Package pdftex.def Info: pic/high//nanocut_3_0_mounted_board_4.jpg  used on inp
ut line 85.
(pdftex.def)             Requested size: 161.32767pt x 110.5535pt.
<pic/high//nanocut_3_0_mounted_board_2.jpg, id=246, 1251.67625pt x 847.165pt>
File: pic/high//nanocut_3_0_mounted_board_2.jpg Graphic file (type jpg)
<use pic/high//nanocut_3_0_mounted_board_2.jpg>
Package pdftex.def Info: pic/high//nanocut_3_0_mounted_board_2.jpg  used on inp
ut line 86.
(pdftex.def)             Requested size: 161.32767pt x 109.17874pt.
<pic/high//nanocut_3_0_mounted_board_3.jpg, id=247, 866.23625pt x 920.43875pt>
File: pic/high//nanocut_3_0_mounted_board_3.jpg Graphic file (type jpg)
<use pic/high//nanocut_3_0_mounted_board_3.jpg>
Package pdftex.def Info: pic/high//nanocut_3_0_mounted_board_3.jpg  used on inp
ut line 87.
(pdftex.def)             Requested size: 107.54904pt x 114.26805pt.
) (./portfolio/us/wolfcut.tex [9pdfTeX warning (ext4): destination with the sam
e identifier (name{subsec:nanocut}) has been already used, duplicate ignored
<argument> ...shipout:D \box_use:N \l_shipout_box 
                                                  
l.1 ...ion{\href{http://www.wolfcut.es/}{Wolfcut}}
                                                   <./pic/high//nanocut_3_0_1.j
pg> <./pic/high//nanocut_3_0_2.jpg> <./pic/high//nanocut_3_0_3.jpg> <./pic/high
//nanocut_3_0_4.jpg> <./pic/high//nanocut_3_0_5.jpg> <./pic/high//nanocut_3_0_6
.jpg>]

LaTeX Warning: Reference `fig:wolfcut_capas' on page 10 undefined on input line
 8.

<pic/high//wolfcut1.png, id=255, 916.42375pt x 578.16pt>
File: pic/high//wolfcut1.png Graphic file (type png)
<use pic/high//wolfcut1.png>
Package pdftex.def Info: pic/high//wolfcut1.png  used on input line 11.
(pdftex.def)             Requested size: 161.32767pt x 101.7794pt.
<pic/high//wolfcut2.png, id=256, 909.3975pt x 668.4975pt>
File: pic/high//wolfcut2.png Graphic file (type png)
<use pic/high//wolfcut2.png>
Package pdftex.def Info: pic/high//wolfcut2.png  used on input line 12.
(pdftex.def)             Requested size: 161.32767pt x 118.59027pt.
<pic/high//wolfcut3.png, id=257, 654.19406pt x 426.84468pt>
File: pic/high//wolfcut3.png Graphic file (type png)
<use pic/high//wolfcut3.png>
Package pdftex.def Info: pic/high//wolfcut3.png  used on input line 13.
(pdftex.def)             Requested size: 161.32767pt x 105.25848pt.

LaTeX Warning: Reference `fig:wolfcut_implementacion' on page 10 undefined on i
nput line 19.


Underfull \hbox (badness 10000) in paragraph at lines 19--20

 []

<pic/high//wolfcut4.png, id=259, 796.9775pt x 456.70625pt>
File: pic/high//wolfcut4.png Graphic file (type png)
<use pic/high//wolfcut4.png>
Package pdftex.def Info: pic/high//wolfcut4.png  used on input line 23.
(pdftex.def)             Requested size: 161.32767pt x 92.44766pt.
<pic/high//wolfcut5.png, id=260, 1371.1225pt x 770.88pt>
File: pic/high//wolfcut5.png Graphic file (type png)
<use pic/high//wolfcut5.png>
Package pdftex.def Info: pic/high//wolfcut5.png  used on input line 24.
(pdftex.def)             Requested size: 161.32767pt x 90.70192pt.
<pic/high//wolfcut6.png, id=261, 1371.1225pt x 770.88pt>
File: pic/high//wolfcut6.png Graphic file (type png)
<use pic/high//wolfcut6.png>
Package pdftex.def Info: pic/high//wolfcut6.png  used on input line 25.
(pdftex.def)             Requested size: 161.32767pt x 90.70192pt.
) (./portfolio/us/noto.tex [10 <./pic/high//nanocut_3_0_mounted_board_4.jpg> <.
/pic/high//nanocut_3_0_mounted_board_2.jpg> <./pic/high//nanocut_3_0_mounted_bo
ard_3.jpg> <./pic/high//wolfcut1.png> <./pic/high//wolfcut2.png> <./pic/high//w
olfcut3.png> <./pic/high//wolfcut4.png> <./pic/high//wolfcut5.png> <./pic/high/
/wolfcut6.png>]

LaTeX Warning: Reference `fig:noto1' on page 11 undefined on input line 13.


LaTeX Warning: Reference `fig:noto2' on page 11 undefined on input line 13.


LaTeX Warning: Reference `fig:noto3' on page 11 undefined on input line 13.

<pic/high//noto5.jpg, id=274, 610.28pt x 457.71pt>
File: pic/high//noto5.jpg Graphic file (type jpg)
<use pic/high//noto5.jpg>
Package pdftex.def Info: pic/high//noto5.jpg  used on input line 16.
(pdftex.def)             Requested size: 129.06377pt x 96.7994pt.
<pic/high//noto6.jpg, id=275, 459.21562pt x 280.04625pt>
File: pic/high//noto6.jpg Graphic file (type jpg)
<use pic/high//noto6.jpg>
Package pdftex.def Info: pic/high//noto6.jpg  used on input line 17.
(pdftex.def)             Requested size: 129.06377pt x 78.70724pt.
<pic/high//noto7.jpg, id=276, 630.355pt x 408.52625pt>
File: pic/high//noto7.jpg Graphic file (type jpg)
<use pic/high//noto7.jpg>
Package pdftex.def Info: pic/high//noto7.jpg  used on input line 18.
(pdftex.def)             Requested size: 129.06377pt x 83.64244pt.
<pic/high//noto8.jpg, id=277, 642.4pt x 481.8pt>
File: pic/high//noto8.jpg Graphic file (type jpg)
<use pic/high//noto8.jpg>
Package pdftex.def Info: pic/high//noto8.jpg  used on input line 19.
(pdftex.def)             Requested size: 129.06377pt x 96.79204pt.
<pic/high//noto9.jpg, id=278, 439.6425pt x 409.53pt>
File: pic/high//noto9.jpg Graphic file (type jpg)
<use pic/high//noto9.jpg>
Package pdftex.def Info: pic/high//noto9.jpg  used on input line 26.
(pdftex.def)             Requested size: 129.06377pt x 120.2229pt.
<pic/high//noto10.jpg, id=279, 499.8675pt x 474.77374pt>
File: pic/high//noto10.jpg Graphic file (type jpg)
<use pic/high//noto10.jpg>
Package pdftex.def Info: pic/high//noto10.jpg  used on input line 27.
(pdftex.def)             Requested size: 129.06377pt x 122.5834pt.
<pic/high//noto11.jpg, id=280, 542.025pt x 474.77374pt>
File: pic/high//noto11.jpg Graphic file (type jpg)
<use pic/high//noto11.jpg>
Package pdftex.def Info: pic/high//noto11.jpg  used on input line 28.
(pdftex.def)             Requested size: 129.06377pt x 113.04971pt.
<pic/high//noto12.jpg, id=281, 321.2pt x 240.9pt>
File: pic/high//noto12.jpg Graphic file (type jpg)
<use pic/high//noto12.jpg>
Package pdftex.def Info: pic/high//noto12.jpg  used on input line 29.
(pdftex.def)             Requested size: 129.06377pt x 96.79938pt.
<pic/high//noto1.jpg, id=282, 572.1375pt x 399.4925pt>
File: pic/high//noto1.jpg Graphic file (type jpg)
<use pic/high//noto1.jpg>
Package pdftex.def Info: pic/high//noto1.jpg  used on input line 36.
(pdftex.def)             Requested size: 129.06377pt x 90.11966pt.
<pic/high//noto2.jpg, id=283, 582.175pt x 430.60875pt>
File: pic/high//noto2.jpg Graphic file (type jpg)
<use pic/high//noto2.jpg>
Package pdftex.def Info: pic/high//noto2.jpg  used on input line 37.
(pdftex.def)             Requested size: 129.06377pt x 95.45697pt.
<pic/high//noto3.jpg, id=284, 356.33125pt x 255.95625pt>
File: pic/high//noto3.jpg Graphic file (type jpg)
<use pic/high//noto3.jpg>
Package pdftex.def Info: pic/high//noto3.jpg  used on input line 38.
(pdftex.def)             Requested size: 129.06377pt x 92.70657pt.
<pic/high//noto4.jpg, id=285, 583.17876pt x 441.65pt>
File: pic/high//noto4.jpg Graphic file (type jpg)
<use pic/high//noto4.jpg>
Package pdftex.def Info: pic/high//noto4.jpg  used on input line 39.
(pdftex.def)             Requested size: 129.06377pt x 97.73611pt.
) (./portfolio/us/mse.tex
Underfull \hbox (badness 10000) in paragraph at lines 3--4

 []

! Undefined control sequence.
l.7       You'd see my public \faGithub
                                       \ repository in this \href{\linkgithu...

? X
 
Here is how much of TeX's memory you used:
 26415 strings out of 479383
 486510 string characters out of 5875830
 1019159 words of memory out of 5000000
 42761 multiletter control sequences out of 15000+600000
 496584 words of font info for 136 fonts, out of 8000000 for 9000
 1141 hyphenation exceptions out of 8191
 115i,23n,115p,1121b,1283s stack positions out of 5000i,500n,10000p,200000b,80000s
pdfTeX warning (dest): name{subsec:cnea} has been referenced but does not exist
, replaced by a fixed one

pdfTeX warning (dest): name{subsec:digicard} has been referenced but does not e
xist, replaced by a fixed one

pdfTeX warning (dest): name{subsec:seconsat} has been referenced but does not e
xist, replaced by a fixed one

pdfTeX warning (dest): name{subsec:dci} has been referenced but does not exist,
 replaced by a fixed one

pdfTeX warning (dest): name{subsec:koner} has been referenced but does not exis
t, replaced by a fixed one

pdfTeX warning (dest): name{subsec:softron} has been referenced but does not ex
ist, replaced by a fixed one

pdfTeX warning (dest): name{subsec:piscina} has been referenced but does not ex
ist, replaced by a fixed one

{/usr/share/texmf-dist/fonts/enc/dvips/lm/lm-ec.enc}{/usr/share/texmf-dist/font
s/enc/dvips/lm/lm-ts1.enc}</usr/share/texmf-dist/fonts/type1/public/lm/lmcsc10.
pfb></usr/share/texmf-dist/fonts/type1/public/lm/lmss10.pfb></usr/share/texmf-d
ist/fonts/type1/public/lm/lmss12.pfb></usr/share/texmf-dist/fonts/type1/public/
lm/lmss17.pfb></usr/share/texmf-dist/fonts/type1/public/lm/lmss8.pfb></usr/shar
e/texmf-dist/fonts/type1/public/lm/lmssbo10.pfb></usr/share/texmf-dist/fonts/ty
pe1/public/lm/lmssbx10.pfb></usr/share/texmf-dist/fonts/type1/public/lm/lmsso10
.pfb></usr/share/texmf-dist/fonts/type1/public/lm/lmsso12.pfb></usr/share/texmf
-dist/fonts/type1/public/lm/lmsso17.pfb></usr/share/texmf-dist/fonts/type1/publ
ic/lm/lmsso8.pfb></usr/share/texmf-dist/fonts/type1/public/marvosym/marvosym.pf
b>
Output written on cv.pdf (10 pages, 10031683 bytes).
PDF statistics:
 343 PDF objects out of 1000 (max. 8388607)
 245 compressed objects within 3 object streams
 57 named destinations out of 1000 (max. 500000)
 31583 words of extra memory for PDF output out of 35830 (max. 10000000)

