\BOOKMARK [1][]{section*.1}{\376\377\000P\000r\000e\000s\000e\000n\000t\000a\000c\000i\000\363\000n}{}% 1
\BOOKMARK [1][]{section*.2}{\376\377\000E\000d\000u\000c\000a\000c\000i\000\363\000n}{}% 2
\BOOKMARK [1][]{section*.3}{\376\377\000E\000x\000p\000e\000r\000i\000e\000n\000c\000i\000a}{}% 3
\BOOKMARK [2][]{section*.4}{\376\377\000P\000r\000o\000f\000e\000s\000i\000o\000n\000a\000l}{section*.3}% 4
\BOOKMARK [2][]{section*.5}{\376\377\000D\000o\000c\000e\000n\000c\000i\000a}{section*.3}% 5
\BOOKMARK [2][]{section*.6}{\376\377\000I\000n\000v\000e\000s\000t\000i\000g\000a\000c\000i\000\363\000n}{section*.3}% 6
\BOOKMARK [1][]{section*.7}{\376\377\000C\000u\000r\000s\000o\000s\000\040\000y\000\040\000s\000e\000m\000i\000n\000a\000r\000i\000o\000s}{}% 7
\BOOKMARK [1][]{section*.8}{\376\377\000P\000r\000e\000m\000i\000o\000s}{}% 8
\BOOKMARK [1][]{section*.9}{\376\377\000T\000r\000a\000b\000a\000j\000o\000s\000\040\000y\000\040\000p\000u\000b\000l\000i\000c\000a\000c\000i\000o\000n\000e\000s}{}% 9
\BOOKMARK [1][]{section*.10}{\376\377\000D\000o\000m\000i\000n\000i\000o\000\040\000d\000e\000\040\000t\000e\000c\000n\000o\000l\000o\000g\000\355\000a\000s}{}% 10
\BOOKMARK [2][]{section*.11}{\376\377\000L\000e\000n\000g\000u\000a\000j\000e\000s\000\040\000d\000e\000\040\000p\000r\000o\000g\000r\000a\000m\000a\000c\000i\000\363\000n}{section*.10}% 11
\BOOKMARK [2][]{section*.12}{\376\377\000S\000i\000s\000t\000a\000m\000a\000s\000\040\000O\000p\000e\000r\000a\000t\000i\000v\000o\000s}{section*.10}% 12
\BOOKMARK [2][]{section*.13}{\376\377\000P\000r\000o\000g\000r\000a\000m\000a\000s\000\040\000d\000e\000\040\000c\000o\000m\000p\000u\000t\000a\000d\000o\000r\000a\000\040\000d\000e\000s\000t\000a\000c\000a\000d\000o\000s}{section*.10}% 13
\BOOKMARK [2][]{section*.14}{\376\377\000P\000r\000o\000t\000o\000c\000o\000l\000o\000s\000\040\000d\000e\000\040\000c\000o\000m\000u\000n\000i\000c\000a\000c\000i\000o\000n\000e\000s\000\040\000y\000\040\000t\000\351\000c\000n\000i\000c\000a\000s\000\040\000d\000i\000g\000i\000t\000a\000l\000e\000s}{section*.10}% 14
\BOOKMARK [2][]{section*.15}{\376\377\000O\000t\000r\000a\000s\000\040\000t\000e\000c\000n\000o\000l\000o\000g\000\355\000a\000s\000\040\000d\000e\000\040\000I\000n\000t\000e\000r\000\351\000s}{section*.10}% 15
\BOOKMARK [2][]{section*.16}{\376\377\000E\000x\000p\000e\000r\000i\000e\000n\000c\000i\000a\000\040\000c\000o\000n\000\040\000l\000a\000s\000\040\000s\000i\000g\000u\000i\000e\000n\000t\000e\000s\000\040\000a\000q\000u\000i\000t\000e\000c\000t\000u\000r\000a\000s\000\040\000d\000e\000\040\000M\000i\000c\000r\000o\000c\000o\000n\000t\000r\000o\000l\000a\000d\000o\000r\000e\000s\000,\000\040\000m\000i\000c\000r\000o\000p\000r\000o\000c\000e\000s\000a\000d\000o\000r\000e\000s\000\040\000y\000\040\000F\000P\000G\000A}{section*.10}% 16
\BOOKMARK [1][]{section*.17}{\376\377\000I\000d\000i\000o\000m\000a\000s}{}% 17
\BOOKMARK [1][]{section*.18}{\376\377\000D\000e\000p\000o\000r\000t\000e\000s\000\040\000y\000\040\000a\000c\000t\000i\000v\000i\000d\000a\000d\000e\000s\000\040\000r\000e\000c\000r\000e\000a\000t\000i\000v\000a\000s}{}% 18
\BOOKMARK [1][]{section*.19}{\376\377\000O\000t\000r\000a\000s\000\040\000a\000c\000t\000i\000v\000i\000d\000a\000d\000e\000s\000\040\000e\000\040\000i\000n\000t\000e\000r\000e\000s\000e\000s}{}% 19
\BOOKMARK [1][]{section*.20}{\376\377\000P\000o\000r\000t\000f\000o\000l\000i\000o}{}% 20
\BOOKMARK [2][]{section*.21}{\376\377\000N\000o\000t\000o\000\040\000G\000r\000o\000u\000p\000\040\000S\000.\000A\000.}{section*.20}% 21
\BOOKMARK [2][]{section*.22}{\376\377\000N\000a\000n\000o\000c\000u\000t\000\040\0002\000.\0000}{section*.20}% 22
\BOOKMARK [2][]{section*.23}{\376\377\000N\000a\000n\000o\000c\000u\000t\000\040\0003\000.\0000}{section*.20}% 23
\BOOKMARK [2][]{section*.24}{\376\377\000W\000o\000l\000f\000c\000u\000t}{section*.20}% 24
\BOOKMARK [2][]{section*.25}{\376\377\000M\000a\000e\000s\000t\000r\000\355\000a\000\040\000e\000n\000\040\000s\000i\000s\000t\000e\000m\000a\000s\000\040\000e\000m\000b\000e\000b\000i\000d\000o\000s}{section*.20}% 25
\BOOKMARK [2][]{section*.26}{\376\377\000C\000o\000n\000t\000r\000o\000l\000a\000d\000o\000r\000\040\000p\000a\000r\000a\000\040\000M\000\341\000q\000u\000i\000n\000a\000\040\000C\000N\000C}{section*.20}% 26
\BOOKMARK [2][]{section*.27}{\376\377\000d\000i\000s\000e\000n\000i\000o\000c\000o\000n\000i\000n\000g\000e\000n\000i\000o}{section*.20}% 27
\BOOKMARK [2][]{section*.28}{\376\377\000C\000o\000m\000i\000s\000i\000\363\000n\000\040\000N\000a\000c\000i\000o\000n\000a\000l\000\040\000d\000e\000\040\000E\000n\000e\000r\000g\000\355\000a\000\040\000A\000t\000\363\000m\000i\000c\000a}{section*.20}% 28
\BOOKMARK [2][]{section*.29}{\376\377\000S\000e\000c\000o\000n\000s\000a\000t}{section*.20}% 29
\BOOKMARK [2][]{section*.30}{\376\377\000X\000e\000n\000o\000n\000\040\000S\000.\000A\000.}{section*.20}% 30
\BOOKMARK [2][]{section*.31}{\376\377\000P\000o\000i\000n\000t\000e\000r}{section*.20}% 31
\BOOKMARK [2][]{section*.32}{\376\377\000P\000i\000s\000c\000i\000n\000a\000\040\000N\000a\000t\000u\000r\000a\000l}{section*.20}% 32
\BOOKMARK [2][]{section*.33}{\376\377\000L\000a\000\040\000C\000o\000l\000m\000e\000n\000a}{section*.20}% 33
\BOOKMARK [2][]{section*.34}{\376\377\000G\000r\000u\000p\000o\000\040\000K\000o\000n\000e\000r}{section*.20}% 34
\BOOKMARK [2][]{section*.35}{\376\377\000D\000i\000g\000i\000c\000a\000r\000d\000\040\000S\000.\000A\000.}{section*.20}% 35
\BOOKMARK [2][]{section*.36}{\376\377\000S\000o\000f\000t\000r\000o\000n}{section*.20}% 36
\BOOKMARK [2][]{section*.37}{\376\377\000T\000\355\000t\000u\000l\000o\000s}{section*.20}% 37
